<?xml version="1.0" encoding="UTF-8"?>
<coverage generated="1603961872703" clover="3.2.0">
  <project timestamp="1603961872704" name="All files">
    <metrics statements="48" coveredstatements="43" conditionals="51" coveredconditionals="39" methods="14" coveredmethods="10" elements="113" coveredelements="92" complexity="0" loc="48" ncloc="48" packages="6" files="7" classes="7"/>
    <package name="WeatherApp">
      <metrics statements="8" coveredstatements="8" conditionals="6" coveredconditionals="4" methods="2" coveredmethods="2"/>
      <file name="App.js" path="C:\Users\shigarg5\RNTraining\WeatherApp\App.js">
        <metrics statements="8" coveredstatements="8" conditionals="6" coveredconditionals="4" methods="2" coveredmethods="2"/>
        <line num="1" count="1" type="stmt"/>
        <line num="9" count="1" type="stmt"/>
        <line num="10" count="1" type="stmt"/>
        <line num="19" count="1" type="cond" truecount="3" falsecount="1"/>
        <line num="27" count="1" type="stmt"/>
        <line num="28" count="1" type="stmt"/>
        <line num="75" count="1" type="stmt"/>
        <line num="114" count="1" type="stmt"/>
      </file>
    </package>
    <package name="WeatherApp.src.components.outlinebutton">
      <metrics statements="6" coveredstatements="6" conditionals="6" coveredconditionals="5" methods="2" coveredmethods="2"/>
      <file name="OutlineButton.js" path="C:\Users\shigarg5\RNTraining\WeatherApp\src\components\outlinebutton\OutlineButton.js">
        <metrics statements="6" coveredstatements="6" conditionals="6" coveredconditionals="5" methods="2" coveredmethods="2"/>
        <line num="1" count="1" type="stmt"/>
        <line num="2" count="1" type="cond" truecount="3" falsecount="1"/>
        <line num="3" count="1" type="stmt"/>
        <line num="4" count="3" type="stmt"/>
        <line num="5" count="3" type="cond" truecount="2" falsecount="0"/>
        <line num="11" count="1" type="stmt"/>
      </file>
    </package>
    <package name="WeatherApp.src.components.text">
      <metrics statements="6" coveredstatements="6" conditionals="6" coveredconditionals="5" methods="2" coveredmethods="2"/>
      <file name="Texth4.js" path="C:\Users\shigarg5\RNTraining\WeatherApp\src\components\text\Texth4.js">
        <metrics statements="6" coveredstatements="6" conditionals="6" coveredconditionals="5" methods="2" coveredmethods="2"/>
        <line num="1" count="1" type="stmt"/>
        <line num="2" count="1" type="cond" truecount="3" falsecount="1"/>
        <line num="3" count="1" type="stmt"/>
        <line num="4" count="3" type="stmt"/>
        <line num="5" count="3" type="cond" truecount="2" falsecount="0"/>
        <line num="6" count="1" type="stmt"/>
      </file>
    </package>
    <package name="WeatherApp.src.components.weatherListItem">
      <metrics statements="9" coveredstatements="9" conditionals="23" coveredconditionals="22" methods="2" coveredmethods="2"/>
      <file name="WeatherListItem.js" path="C:\Users\shigarg5\RNTraining\WeatherApp\src\components\weatherListItem\WeatherListItem.js">
        <metrics statements="9" coveredstatements="9" conditionals="23" coveredconditionals="22" methods="2" coveredmethods="2"/>
        <line num="1" count="2" type="stmt"/>
        <line num="2" count="2" type="stmt"/>
        <line num="3" count="2" type="stmt"/>
        <line num="4" count="2" type="stmt"/>
        <line num="5" count="2" type="cond" truecount="3" falsecount="1"/>
        <line num="6" count="2" type="stmt"/>
        <line num="7" count="3" type="stmt"/>
        <line num="8" count="3" type="stmt"/>
        <line num="31" count="2" type="stmt"/>
      </file>
    </package>
    <package name="WeatherApp.src.list">
      <metrics statements="13" coveredstatements="8" conditionals="10" coveredconditionals="3" methods="6" coveredmethods="2"/>
      <file name="ListScreen.js" path="C:\Users\shigarg5\RNTraining\WeatherApp\src\list\ListScreen.js">
        <metrics statements="13" coveredstatements="8" conditionals="10" coveredconditionals="3" methods="6" coveredmethods="2"/>
        <line num="1" count="1" type="stmt"/>
        <line num="2" count="1" type="stmt"/>
        <line num="3" count="1" type="stmt"/>
        <line num="4" count="1" type="cond" truecount="3" falsecount="1"/>
        <line num="6" count="1" type="stmt"/>
        <line num="7" count="1" type="stmt"/>
        <line num="8" count="1" type="stmt"/>
        <line num="9" count="0" type="stmt"/>
        <line num="10" count="0" type="stmt"/>
        <line num="11" count="0" type="stmt"/>
        <line num="15" count="0" type="stmt"/>
        <line num="18" count="0" type="stmt"/>
        <line num="25" count="1" type="stmt"/>
      </file>
    </package>
    <package name="WeatherApp.src.utils">
      <metrics statements="6" coveredstatements="6" conditionals="0" coveredconditionals="0" methods="0" coveredmethods="0"/>
      <file name="strings.js" path="C:\Users\shigarg5\RNTraining\WeatherApp\src\utils\strings.js">
        <metrics statements="3" coveredstatements="3" conditionals="0" coveredconditionals="0" methods="0" coveredmethods="0"/>
        <line num="1" count="2" type="stmt"/>
        <line num="2" count="2" type="stmt"/>
        <line num="18" count="2" type="stmt"/>
      </file>
      <file name="url.js" path="C:\Users\shigarg5\RNTraining\WeatherApp\src\utils\url.js">
        <metrics statements="3" coveredstatements="3" conditionals="0" coveredconditionals="0" methods="0" coveredmethods="0"/>
        <line num="1" count="2" type="stmt"/>
        <line num="2" count="2" type="stmt"/>
        <line num="3" count="2" type="stmt"/>
      </file>
    </package>
  </project>
</coverage>
