{"C:\\Users\\shigarg5\\RNTraining\\WeatherApp\\App.js": {"path":"C:\\Users\\shigarg5\\RNTraining\\WeatherApp\\App.js","statementMap":{"0":{"start":{"line":1,"column":13},"end":{"line":1,"column":75}},"1":{"start":{"line":1,"column":75},"end":{"line":1,"column":100}},"2":{"start":{"line":9,"column":13},"end":{"line":9,"column":53}},"3":{"start":{"line":10,"column":19},"end":{"line":10,"column":42}},"4":{"start":{"line":19,"column":20},"end":{"line":19,"column":66}},"5":{"start":{"line":19,"column":79},"end":{"line":19,"column":83}},"6":{"start":{"line":19,"column":99},"end":{"line":19,"column":152}},"7":{"start":{"line":19,"column":191},"end":{"line":19,"column":245}},"8":{"start":{"line":27,"column":10},"end":{"line":73,"column":1}},"9":{"start":{"line":28,"column":2},"end":{"line":67,"column":159}},"10":{"start":{"line":75,"column":13},"end":{"line":110,"column":27}},"11":{"start":{"line":114,"column":0},"end":{"line":114,"column":3}},"12":{"start":{"line":114,"column":4},"end":{"line":114,"column":31}}},"fnMap":{"0":{"name":"_interopRequireDefault","decl":{"start":{"line":19,"column":162},"end":{"line":19,"column":184}},"loc":{"start":{"line":19,"column":190},"end":{"line":19,"column":246}},"line":19},"1":{"name":"App","decl":{"start":{"line":27,"column":19},"end":{"line":27,"column":22}},"loc":{"start":{"line":27,"column":25},"end":{"line":73,"column":1}},"line":27}},"branchMap":{"0":{"loc":{"start":{"line":19,"column":198},"end":{"line":19,"column":244}},"type":"cond-expr","locations":[{"start":{"line":19,"column":222},"end":{"line":19,"column":225}},{"start":{"line":19,"column":228},"end":{"line":19,"column":244}}],"line":19},"1":{"loc":{"start":{"line":19,"column":198},"end":{"line":19,"column":219}},"type":"binary-expr","locations":[{"start":{"line":19,"column":198},"end":{"line":19,"column":201}},{"start":{"line":19,"column":205},"end":{"line":19,"column":219}}],"line":19},"2":{"loc":{"start":{"line":36,"column":4},"end":{"line":38,"column":183}},"type":"cond-expr","locations":[{"start":{"line":36,"column":36},"end":{"line":36,"column":40}},{"start":{"line":37,"column":4},"end":{"line":38,"column":183}}],"line":36}},"s":{"0":1,"1":1,"2":1,"3":1,"4":1,"5":1,"6":1,"7":1,"8":1,"9":1,"10":1,"11":1,"12":1},"f":{"0":1,"1":1},"b":{"0":[0,1],"1":[1,1],"2":[1,0]},"inputSourceMap":null,"_coverageSchema":"1a1c01bbd47fc00a2c39e90264f33305004495a9","hash":"dc866cce2bec39ef05bd858b5950afea9cf29ea7"}
,"C:\\Users\\shigarg5\\RNTraining\\WeatherApp\\src\\components\\outlinebutton\\OutlineButton.js": {"path":"C:\\Users\\shigarg5\\RNTraining\\WeatherApp\\src\\components\\outlinebutton\\OutlineButton.js","statementMap":{"0":{"start":{"line":1,"column":13},"end":{"line":1,"column":75}},"1":{"start":{"line":1,"column":75},"end":{"line":1,"column":106}},"2":{"start":{"line":1,"column":119},"end":{"line":1,"column":159}},"3":{"start":{"line":2,"column":27},"end":{"line":2,"column":59}},"4":{"start":{"line":2,"column":72},"end":{"line":2,"column":76}},"5":{"start":{"line":2,"column":92},"end":{"line":2,"column":187}},"6":{"start":{"line":2,"column":226},"end":{"line":2,"column":280}},"7":{"start":{"line":3,"column":20},"end":{"line":11,"column":1}},"8":{"start":{"line":4,"column":12},"end":{"line":4,"column":25}},"9":{"start":{"line":4,"column":34},"end":{"line":4,"column":45}},"10":{"start":{"line":5,"column":2},"end":{"line":10,"column":7}},"11":{"start":{"line":11,"column":2},"end":{"line":11,"column":40}}},"fnMap":{"0":{"name":"_interopRequireDefault","decl":{"start":{"line":2,"column":197},"end":{"line":2,"column":219}},"loc":{"start":{"line":2,"column":225},"end":{"line":2,"column":281}},"line":2},"1":{"name":"OutlineButton","decl":{"start":{"line":3,"column":29},"end":{"line":3,"column":42}},"loc":{"start":{"line":3,"column":50},"end":{"line":11,"column":1}},"line":3}},"branchMap":{"0":{"loc":{"start":{"line":2,"column":233},"end":{"line":2,"column":279}},"type":"cond-expr","locations":[{"start":{"line":2,"column":257},"end":{"line":2,"column":260}},{"start":{"line":2,"column":263},"end":{"line":2,"column":279}}],"line":2},"1":{"loc":{"start":{"line":2,"column":233},"end":{"line":2,"column":254}},"type":"binary-expr","locations":[{"start":{"line":2,"column":233},"end":{"line":2,"column":236}},{"start":{"line":2,"column":240},"end":{"line":2,"column":254}}],"line":2},"2":{"loc":{"start":{"line":5,"column":9},"end":{"line":10,"column":6}},"type":"cond-expr","locations":[{"start":{"line":5,"column":17},"end":{"line":9,"column":109}},{"start":{"line":10,"column":2},"end":{"line":10,"column":6}}],"line":5}},"s":{"0":1,"1":1,"2":1,"3":1,"4":1,"5":1,"6":1,"7":1,"8":3,"9":3,"10":3,"11":1},"f":{"0":1,"1":3},"b":{"0":[0,1],"1":[1,1],"2":[2,1]},"inputSourceMap":null,"_coverageSchema":"1a1c01bbd47fc00a2c39e90264f33305004495a9","hash":"e3501424299b0dbccc88ff33d2a4f06abd75ef70"}
,"C:\\Users\\shigarg5\\RNTraining\\WeatherApp\\src\\components\\text\\Texth4.js": {"path":"C:\\Users\\shigarg5\\RNTraining\\WeatherApp\\src\\components\\text\\Texth4.js","statementMap":{"0":{"start":{"line":1,"column":13},"end":{"line":1,"column":75}},"1":{"start":{"line":1,"column":75},"end":{"line":1,"column":99}},"2":{"start":{"line":1,"column":112},"end":{"line":1,"column":152}},"3":{"start":{"line":2,"column":27},"end":{"line":2,"column":59}},"4":{"start":{"line":2,"column":72},"end":{"line":2,"column":76}},"5":{"start":{"line":2,"column":92},"end":{"line":2,"column":171}},"6":{"start":{"line":2,"column":210},"end":{"line":2,"column":264}},"7":{"start":{"line":3,"column":13},"end":{"line":6,"column":1}},"8":{"start":{"line":4,"column":10},"end":{"line":4,"column":21}},"9":{"start":{"line":4,"column":30},"end":{"line":4,"column":41}},"10":{"start":{"line":5,"column":2},"end":{"line":5,"column":203}},"11":{"start":{"line":6,"column":2},"end":{"line":6,"column":26}}},"fnMap":{"0":{"name":"_interopRequireDefault","decl":{"start":{"line":2,"column":181},"end":{"line":2,"column":203}},"loc":{"start":{"line":2,"column":209},"end":{"line":2,"column":265}},"line":2},"1":{"name":"Texth4","decl":{"start":{"line":3,"column":22},"end":{"line":3,"column":28}},"loc":{"start":{"line":3,"column":36},"end":{"line":6,"column":1}},"line":3}},"branchMap":{"0":{"loc":{"start":{"line":2,"column":217},"end":{"line":2,"column":263}},"type":"cond-expr","locations":[{"start":{"line":2,"column":241},"end":{"line":2,"column":244}},{"start":{"line":2,"column":247},"end":{"line":2,"column":263}}],"line":2},"1":{"loc":{"start":{"line":2,"column":217},"end":{"line":2,"column":238}},"type":"binary-expr","locations":[{"start":{"line":2,"column":217},"end":{"line":2,"column":220}},{"start":{"line":2,"column":224},"end":{"line":2,"column":238}}],"line":2},"2":{"loc":{"start":{"line":5,"column":9},"end":{"line":5,"column":202}},"type":"cond-expr","locations":[{"start":{"line":5,"column":17},"end":{"line":5,"column":195}},{"start":{"line":5,"column":198},"end":{"line":5,"column":202}}],"line":5}},"s":{"0":1,"1":1,"2":1,"3":1,"4":1,"5":1,"6":1,"7":1,"8":3,"9":3,"10":3,"11":1},"f":{"0":1,"1":3},"b":{"0":[0,1],"1":[1,1],"2":[2,1]},"inputSourceMap":null,"_coverageSchema":"1a1c01bbd47fc00a2c39e90264f33305004495a9","hash":"953229b5ac3fa2c96f5acfabc540ab8e84ef95d7"}
,"C:\\Users\\shigarg5\\RNTraining\\WeatherApp\\src\\components\\weatherListItem\\WeatherListItem.js": {"path":"C:\\Users\\shigarg5\\RNTraining\\WeatherApp\\src\\components\\weatherListItem\\WeatherListItem.js","statementMap":{"0":{"start":{"line":1,"column":13},"end":{"line":1,"column":75}},"1":{"start":{"line":1,"column":75},"end":{"line":1,"column":108}},"2":{"start":{"line":1,"column":121},"end":{"line":1,"column":161}},"3":{"start":{"line":2,"column":19},"end":{"line":2,"column":42}},"4":{"start":{"line":3,"column":27},"end":{"line":3,"column":59}},"5":{"start":{"line":4,"column":15},"end":{"line":4,"column":45}},"6":{"start":{"line":5,"column":11},"end":{"line":5,"column":37}},"7":{"start":{"line":5,"column":50},"end":{"line":5,"column":54}},"8":{"start":{"line":5,"column":70},"end":{"line":5,"column":169}},"9":{"start":{"line":5,"column":208},"end":{"line":5,"column":262}},"10":{"start":{"line":6,"column":22},"end":{"line":31,"column":1}},"11":{"start":{"line":7,"column":9},"end":{"line":7,"column":19}},"12":{"start":{"line":8,"column":2},"end":{"line":26,"column":13}},"13":{"start":{"line":31,"column":2},"end":{"line":31,"column":44}}},"fnMap":{"0":{"name":"_interopRequireDefault","decl":{"start":{"line":5,"column":179},"end":{"line":5,"column":201}},"loc":{"start":{"line":5,"column":207},"end":{"line":5,"column":263}},"line":5},"1":{"name":"WeatherListItem","decl":{"start":{"line":6,"column":31},"end":{"line":6,"column":46}},"loc":{"start":{"line":6,"column":54},"end":{"line":31,"column":1}},"line":6}},"branchMap":{"0":{"loc":{"start":{"line":5,"column":215},"end":{"line":5,"column":261}},"type":"cond-expr","locations":[{"start":{"line":5,"column":239},"end":{"line":5,"column":242}},{"start":{"line":5,"column":245},"end":{"line":5,"column":261}}],"line":5},"1":{"loc":{"start":{"line":5,"column":215},"end":{"line":5,"column":236}},"type":"binary-expr","locations":[{"start":{"line":5,"column":215},"end":{"line":5,"column":218}},{"start":{"line":5,"column":222},"end":{"line":5,"column":236}}],"line":5},"2":{"loc":{"start":{"line":11,"column":4},"end":{"line":11,"column":233}},"type":"binary-expr","locations":[{"start":{"line":11,"column":4},"end":{"line":11,"column":15}},{"start":{"line":11,"column":19},"end":{"line":11,"column":233}}],"line":11},"3":{"loc":{"start":{"line":13,"column":4},"end":{"line":18,"column":8}},"type":"cond-expr","locations":[{"start":{"line":13,"column":80},"end":{"line":17,"column":252}},{"start":{"line":18,"column":4},"end":{"line":18,"column":8}}],"line":13},"4":{"loc":{"start":{"line":13,"column":4},"end":{"line":13,"column":77}},"type":"binary-expr","locations":[{"start":{"line":13,"column":4},"end":{"line":13,"column":13}},{"start":{"line":13,"column":18},"end":{"line":13,"column":32}},{"start":{"line":13,"column":36},"end":{"line":13,"column":54}},{"start":{"line":13,"column":58},"end":{"line":13,"column":76}}],"line":13},"5":{"loc":{"start":{"line":15,"column":4},"end":{"line":15,"column":242}},"type":"binary-expr","locations":[{"start":{"line":15,"column":4},"end":{"line":15,"column":18}},{"start":{"line":15,"column":22},"end":{"line":15,"column":242}}],"line":15},"6":{"loc":{"start":{"line":16,"column":4},"end":{"line":16,"column":251}},"type":"binary-expr","locations":[{"start":{"line":16,"column":4},"end":{"line":16,"column":22}},{"start":{"line":16,"column":26},"end":{"line":16,"column":251}}],"line":16},"7":{"loc":{"start":{"line":17,"column":4},"end":{"line":17,"column":251}},"type":"binary-expr","locations":[{"start":{"line":17,"column":4},"end":{"line":17,"column":22}},{"start":{"line":17,"column":26},"end":{"line":17,"column":251}}],"line":17},"8":{"loc":{"start":{"line":19,"column":4},"end":{"line":26,"column":8}},"type":"cond-expr","locations":[{"start":{"line":20,"column":4},"end":{"line":24,"column":187}},{"start":{"line":26,"column":4},"end":{"line":26,"column":8}}],"line":19},"9":{"loc":{"start":{"line":19,"column":4},"end":{"line":19,"column":67}},"type":"binary-expr","locations":[{"start":{"line":19,"column":4},"end":{"line":19,"column":16}},{"start":{"line":19,"column":20},"end":{"line":19,"column":43}},{"start":{"line":19,"column":47},"end":{"line":19,"column":67}}],"line":19}},"s":{"0":2,"1":2,"2":2,"3":2,"4":2,"5":2,"6":2,"7":2,"8":2,"9":2,"10":2,"11":3,"12":3,"13":2},"f":{"0":2,"1":3},"b":{"0":[0,2],"1":[2,2],"2":[3,2],"3":[2,1],"4":[3,3,1,1],"5":[2,2],"6":[2,2],"7":[2,2],"8":[2,1],"9":[3,3,2]},"inputSourceMap":null,"_coverageSchema":"1a1c01bbd47fc00a2c39e90264f33305004495a9","hash":"0c301856ff08ba82219f755527ea14c71b804a0e"}
,"C:\\Users\\shigarg5\\RNTraining\\WeatherApp\\src\\list\\ListScreen.js": {"path":"C:\\Users\\shigarg5\\RNTraining\\WeatherApp\\src\\list\\ListScreen.js","statementMap":{"0":{"start":{"line":1,"column":13},"end":{"line":1,"column":75}},"1":{"start":{"line":1,"column":75},"end":{"line":1,"column":100}},"2":{"start":{"line":1,"column":113},"end":{"line":1,"column":153}},"3":{"start":{"line":2,"column":19},"end":{"line":2,"column":42}},"4":{"start":{"line":3,"column":18},"end":{"line":3,"column":40}},"5":{"start":{"line":4,"column":23},"end":{"line":4,"column":79}},"6":{"start":{"line":4,"column":92},"end":{"line":4,"column":96}},"7":{"start":{"line":4,"column":112},"end":{"line":4,"column":183}},"8":{"start":{"line":4,"column":222},"end":{"line":4,"column":276}},"9":{"start":{"line":6,"column":17},"end":{"line":23,"column":1}},"10":{"start":{"line":7,"column":2},"end":{"line":7,"column":50}},"11":{"start":{"line":8,"column":18},"end":{"line":8,"column":88}},"12":{"start":{"line":8,"column":65},"end":{"line":8,"column":86}},"13":{"start":{"line":9,"column":13},"end":{"line":9,"column":94}},"14":{"start":{"line":9,"column":43},"end":{"line":9,"column":92}},"15":{"start":{"line":10,"column":24},"end":{"line":12,"column":3}},"16":{"start":{"line":10,"column":67},"end":{"line":10,"column":76}},"17":{"start":{"line":11,"column":4},"end":{"line":11,"column":177}},"18":{"start":{"line":15,"column":2},"end":{"line":19,"column":150}},"19":{"start":{"line":18,"column":56},"end":{"line":18,"column":80}},"20":{"start":{"line":25,"column":0},"end":{"line":25,"column":10}},"21":{"start":{"line":25,"column":11},"end":{"line":25,"column":38}}},"fnMap":{"0":{"name":"_interopRequireDefault","decl":{"start":{"line":4,"column":193},"end":{"line":4,"column":215}},"loc":{"start":{"line":4,"column":221},"end":{"line":4,"column":277}},"line":4},"1":{"name":"ListScreen","decl":{"start":{"line":6,"column":26},"end":{"line":6,"column":36}},"loc":{"start":{"line":6,"column":44},"end":{"line":23,"column":1}},"line":6},"2":{"name":"(anonymous_2)","decl":{"start":{"line":8,"column":47},"end":{"line":8,"column":48}},"loc":{"start":{"line":8,"column":64},"end":{"line":8,"column":87}},"line":8},"3":{"name":"(anonymous_3)","decl":{"start":{"line":9,"column":28},"end":{"line":9,"column":29}},"loc":{"start":{"line":9,"column":42},"end":{"line":9,"column":93}},"line":9},"4":{"name":"renderItemValue","decl":{"start":{"line":10,"column":33},"end":{"line":10,"column":48}},"loc":{"start":{"line":10,"column":55},"end":{"line":12,"column":3}},"line":10},"5":{"name":"keyExtractor","decl":{"start":{"line":18,"column":29},"end":{"line":18,"column":41}},"loc":{"start":{"line":18,"column":55},"end":{"line":18,"column":81}},"line":18}},"branchMap":{"0":{"loc":{"start":{"line":4,"column":229},"end":{"line":4,"column":275}},"type":"cond-expr","locations":[{"start":{"line":4,"column":253},"end":{"line":4,"column":256}},{"start":{"line":4,"column":259},"end":{"line":4,"column":275}}],"line":4},"1":{"loc":{"start":{"line":4,"column":229},"end":{"line":4,"column":250}},"type":"binary-expr","locations":[{"start":{"line":4,"column":229},"end":{"line":4,"column":232}},{"start":{"line":4,"column":236},"end":{"line":4,"column":250}}],"line":4},"2":{"loc":{"start":{"line":17,"column":4},"end":{"line":19,"column":147}},"type":"cond-expr","locations":[{"start":{"line":17,"column":66},"end":{"line":19,"column":140}},{"start":{"line":19,"column":143},"end":{"line":19,"column":147}}],"line":17},"3":{"loc":{"start":{"line":17,"column":4},"end":{"line":17,"column":63}},"type":"binary-expr","locations":[{"start":{"line":17,"column":4},"end":{"line":17,"column":8}},{"start":{"line":17,"column":12},"end":{"line":17,"column":20}},{"start":{"line":17,"column":24},"end":{"line":17,"column":39}},{"start":{"line":17,"column":43},"end":{"line":17,"column":63}}],"line":17}},"s":{"0":1,"1":1,"2":1,"3":1,"4":1,"5":1,"6":1,"7":1,"8":1,"9":1,"10":1,"11":1,"12":0,"13":0,"14":0,"15":0,"16":0,"17":0,"18":0,"19":0,"20":1,"21":1},"f":{"0":1,"1":1,"2":0,"3":0,"4":0,"5":0},"b":{"0":[0,1],"1":[1,1],"2":[0,0],"3":[0,0,0,0]},"inputSourceMap":null,"_coverageSchema":"1a1c01bbd47fc00a2c39e90264f33305004495a9","hash":"6bc25ce0461cb8fe34cef1594c08a85bc372025c"}
,"C:\\Users\\shigarg5\\RNTraining\\WeatherApp\\src\\utils\\strings.js": {"path":"C:\\Users\\shigarg5\\RNTraining\\WeatherApp\\src\\utils\\strings.js","statementMap":{"0":{"start":{"line":1,"column":13},"end":{"line":1,"column":75}},"1":{"start":{"line":1,"column":75},"end":{"line":1,"column":128}},"2":{"start":{"line":1,"column":149},"end":{"line":1,"column":178}},"3":{"start":{"line":1,"column":179},"end":{"line":1,"column":219}},"4":{"start":{"line":2,"column":17},"end":{"line":18,"column":31}},"5":{"start":{"line":18,"column":32},"end":{"line":18,"column":64}}},"fnMap":{},"branchMap":{},"s":{"0":2,"1":2,"2":2,"3":2,"4":2,"5":2},"f":{},"b":{},"inputSourceMap":null,"_coverageSchema":"1a1c01bbd47fc00a2c39e90264f33305004495a9","hash":"e015d309382ea384a42759e78f1e1a94a92104ef"}
,"C:\\Users\\shigarg5\\RNTraining\\WeatherApp\\src\\utils\\url.js": {"path":"C:\\Users\\shigarg5\\RNTraining\\WeatherApp\\src\\utils\\url.js","statementMap":{"0":{"start":{"line":1,"column":13},"end":{"line":1,"column":75}},"1":{"start":{"line":1,"column":75},"end":{"line":1,"column":142}},"2":{"start":{"line":1,"column":156},"end":{"line":1,"column":190}},"3":{"start":{"line":1,"column":191},"end":{"line":1,"column":217}},"4":{"start":{"line":2,"column":14},"end":{"line":2,"column":63}},"5":{"start":{"line":2,"column":64},"end":{"line":2,"column":90}},"6":{"start":{"line":3,"column":20},"end":{"line":3,"column":62}},"7":{"start":{"line":3,"column":63},"end":{"line":3,"column":101}}},"fnMap":{},"branchMap":{},"s":{"0":2,"1":2,"2":2,"3":2,"4":2,"5":2,"6":2,"7":2},"f":{},"b":{},"inputSourceMap":null,"_coverageSchema":"1a1c01bbd47fc00a2c39e90264f33305004495a9","hash":"7417738ae84e5766013e77dac84ff87bded8cd22"}
}
