TN:
SF:App.js
FN:19,_interopRequireDefault
FN:27,App
FNF:2
FNH:2
FNDA:1,_interopRequireDefault
FNDA:1,App
DA:1,1
DA:9,1
DA:10,1
DA:19,1
DA:27,1
DA:28,1
DA:75,1
DA:114,1
LF:8
LH:8
BRDA:19,0,0,0
BRDA:19,0,1,1
BRDA:19,1,0,1
BRDA:19,1,1,1
BRDA:36,2,0,1
BRDA:36,2,1,0
BRF:6
BRH:4
end_of_record
TN:
SF:src\components\outlinebutton\OutlineButton.js
FN:2,_interopRequireDefault
FN:3,OutlineButton
FNF:2
FNH:2
FNDA:1,_interopRequireDefault
FNDA:3,OutlineButton
DA:1,1
DA:2,1
DA:3,1
DA:4,3
DA:5,3
DA:11,1
LF:6
LH:6
BRDA:2,0,0,0
BRDA:2,0,1,1
BRDA:2,1,0,1
BRDA:2,1,1,1
BRDA:5,2,0,2
BRDA:5,2,1,1
BRF:6
BRH:5
end_of_record
TN:
SF:src\components\text\Texth4.js
FN:2,_interopRequireDefault
FN:3,Texth4
FNF:2
FNH:2
FNDA:1,_interopRequireDefault
FNDA:3,Texth4
DA:1,1
DA:2,1
DA:3,1
DA:4,3
DA:5,3
DA:6,1
LF:6
LH:6
BRDA:2,0,0,0
BRDA:2,0,1,1
BRDA:2,1,0,1
BRDA:2,1,1,1
BRDA:5,2,0,2
BRDA:5,2,1,1
BRF:6
BRH:5
end_of_record
TN:
SF:src\components\weatherListItem\WeatherListItem.js
FN:5,_interopRequireDefault
FN:6,WeatherListItem
FNF:2
FNH:2
FNDA:2,_interopRequireDefault
FNDA:3,WeatherListItem
DA:1,2
DA:2,2
DA:3,2
DA:4,2
DA:5,2
DA:6,2
DA:7,3
DA:8,3
DA:31,2
LF:9
LH:9
BRDA:5,0,0,0
BRDA:5,0,1,2
BRDA:5,1,0,2
BRDA:5,1,1,2
BRDA:11,2,0,3
BRDA:11,2,1,2
BRDA:13,3,0,2
BRDA:13,3,1,1
BRDA:13,4,0,3
BRDA:13,4,1,3
BRDA:13,4,2,1
BRDA:13,4,3,1
BRDA:15,5,0,2
BRDA:15,5,1,2
BRDA:16,6,0,2
BRDA:16,6,1,2
BRDA:17,7,0,2
BRDA:17,7,1,2
BRDA:19,8,0,2
BRDA:19,8,1,1
BRDA:19,9,0,3
BRDA:19,9,1,3
BRDA:19,9,2,2
BRF:23
BRH:22
end_of_record
TN:
SF:src\list\ListScreen.js
FN:4,_interopRequireDefault
FN:6,ListScreen
FN:8,(anonymous_2)
FN:9,(anonymous_3)
FN:10,renderItemValue
FN:18,keyExtractor
FNF:6
FNH:2
FNDA:1,_interopRequireDefault
FNDA:1,ListScreen
FNDA:0,(anonymous_2)
FNDA:0,(anonymous_3)
FNDA:0,renderItemValue
FNDA:0,keyExtractor
DA:1,1
DA:2,1
DA:3,1
DA:4,1
DA:6,1
DA:7,1
DA:8,1
DA:9,0
DA:10,0
DA:11,0
DA:15,0
DA:18,0
DA:25,1
LF:13
LH:8
BRDA:4,0,0,0
BRDA:4,0,1,1
BRDA:4,1,0,1
BRDA:4,1,1,1
BRDA:17,2,0,0
BRDA:17,2,1,0
BRDA:17,3,0,0
BRDA:17,3,1,0
BRDA:17,3,2,0
BRDA:17,3,3,0
BRF:10
BRH:3
end_of_record
TN:
SF:src\utils\strings.js
FNF:0
FNH:0
DA:1,2
DA:2,2
DA:18,2
LF:3
LH:3
BRF:0
BRH:0
end_of_record
TN:
SF:src\utils\url.js
FNF:0
FNH:0
DA:1,2
DA:2,2
DA:3,2
LF:3
LH:3
BRF:0
BRH:0
end_of_record
